Topic 1:
people vote american want biden election dont need watch real
Topic 2:
old war country man run candidates ukraine number biden president
Topic 3:
trump biden president 2024 best love donald win mr liar
Topic 4:
debate bidens biden trumps lying face presidential cnn brandon rfk
Topic 5:
biden trump question questions answer like golf inflation 100 went
Topic 6:
biden idea joe needs cnn home like feel way retire
Topic 7:
biden trump im time lies says saying thought tell speak
Topic 8:
world joe country america biden usa god im americans president
Topic 9:
dont think said know biden lol people like black jobs
Topic 10:
biden like hes president years america looks make worst great
